2026-06-12 01:22:11,659 - INFO - Initializing OandaQuantBot...
2026-06-12 01:22:11,659 - INFO - setting up API-client for environment practice
2026-06-12 01:22:11,941 - INFO - Model loaded. Expected features: ['1H_ATR14', '4H_ATR14', 'Return_1m', 'Return_5m', 'Vol_Short', 'Vol_Long', 'Vol_Ratio', 'Norm_Dist_1H_EMA', 'Norm_Dist_4H_EMA', 'Session_Asian', 'Session_London', 'Session_NY', 'Min_Until_US_News', 'Min_Until_EU_News']
2026-06-12 01:22:11,950 - INFO - Bot started. Scanning for high-conviction setups...
2026-06-12 01:22:11,950 - INFO - Fetching Finnhub economic calendar: 2026-06-12 -> 2026-06-15
2026-06-12 01:22:13,167 - ERROR - Finnhub fetch failed: HTTPError: 403 Client Error: Forbidden for url: https://finnhub.io/api/v1/calendar/economic?from=2026-06-12&to=2026-06-15&...
2026-06-12 01:22:13,170 - WARNING - Finnhub failed. Falling back to Forex Factory...
2026-06-12 01:22:13,171 - INFO - Fetching Forex Factory calendar (fallback)...
2026-06-12 01:22:14,369 - ERROR - Forex Factory fetch also failed: 429 Client Error: Too Many Requests for url: https://nfs.faireconomy.media/ff_calendar_thisweek.json
2026-06-12 01:25:50,547 - INFO - Initializing OandaQuantBot...
2026-06-12 01:25:50,552 - INFO - setting up API-client for environment practice
2026-06-12 01:25:50,883 - INFO - Model loaded. Expected features: ['1H_ATR14', '4H_ATR14', 'Return_1m', 'Return_5m', 'Vol_Short', 'Vol_Long', 'Vol_Ratio', 'Norm_Dist_1H_EMA', 'Norm_Dist_4H_EMA', 'Session_Asian', 'Session_London', 'Session_NY', 'Min_Until_US_News', 'Min_Until_EU_News']
2026-06-12 01:25:50,887 - INFO - Bot started. Scanning for high-conviction setups...
2026-06-12 01:25:50,887 - INFO - Fetching Finnhub economic calendar: 2026-06-12 -> 2026-06-15
2026-06-12 01:25:52,287 - ERROR - Finnhub fetch failed: HTTPError: 403 Client Error: Forbidden for url: https://finnhub.io/api/v1/calendar/economic?from=2026-06-12&to=2026-06-15&...
2026-06-12 01:25:52,292 - WARNING - Finnhub failed. Falling back to Forex Factory...
2026-06-12 01:25:52,293 - INFO - Fetching Forex Factory calendar (fallback)...
2026-06-12 01:25:53,416 - WARNING - Forex Factory rate limited. Retrying in 2s...
2026-06-12 01:25:55,419 - INFO - Fetching Forex Factory calendar (fallback)...
2026-06-12 01:25:56,560 - WARNING - Forex Factory rate limited. Retrying in 4s...
2026-06-12 01:26:00,562 - INFO - Fetching Forex Factory calendar (fallback)...
2026-06-12 01:26:01,788 - WARNING - Forex Factory rate limited. Retrying in 8s...
2026-06-12 01:26:09,790 - WARNING - All news sources failed. Bot will use default 10000min for news proximity.
2026-06-12 01:26:19,796 - INFO - performing request https://api-fxpractice.oanda.com/v3/instruments/EUR_USD/candles
2026-06-12 01:26:22,576 - INFO - performing request https://api-fxpractice.oanda.com/v3/instruments/EUR_USD/candles
2026-06-12 01:26:22,980 - INFO - performing request https://api-fxpractice.oanda.com/v3/instruments/EUR_USD/candles
2026-06-12 01:26:23,360 - INFO - Current Probability: 0.5007
2026-06-12 12:08:53,245 - INFO - Initializing OandaQuantBot...
2026-06-12 12:08:53,246 - INFO - setting up API-client for environment practice
2026-06-12 12:08:53,676 - INFO - Model loaded. Expected features: ['1H_ATR14', '4H_ATR14', 'Return_1m', 'Return_5m', 'Vol_Short', 'Vol_Long', 'Vol_Ratio', 'Norm_Dist_1H_EMA', 'Norm_Dist_4H_EMA', 'Session_Asian', 'Session_London', 'Session_NY', 'Min_Until_US_News', 'Min_Until_EU_News']
2026-06-12 12:08:53,687 - INFO - Bot started. Scanning for high-conviction setups...
2026-06-12 12:08:53,688 - INFO - Fetching Finnhub economic calendar: 2026-06-12 -> 2026-06-15
2026-06-12 12:08:56,231 - ERROR - Finnhub fetch failed: HTTPError: 401 Client Error: Unauthorized for url: https://finnhub.io/api/v1/calendar/economic?from=2026-06-12&to=2026-06-15&...
2026-06-12 12:08:56,234 - WARNING - Finnhub failed. Falling back to Forex Factory...
2026-06-12 12:08:56,235 - INFO - Fetching Forex Factory calendar (fallback)...
2026-06-12 12:08:57,319 - INFO - Forex Factory calendar loaded: 6 US events, 3 EU events
2026-06-12 12:11:07,330 - INFO - performing request https://api-fxpractice.oanda.com/v3/instruments/EUR_USD/candles
2026-06-12 12:11:15,972 - INFO - performing request https://api-fxpractice.oanda.com/v3/instruments/EUR_USD/candles
2026-06-12 12:11:16,318 - INFO - performing request https://api-fxpractice.oanda.com/v3/instruments/EUR_USD/candles
2026-06-12 12:11:16,715 - INFO - Current Probability: 0.4970
2026-06-12 12:16:06,723 - INFO - performing request https://api-fxpractice.oanda.com/v3/instruments/EUR_USD/candles
2026-06-12 12:16:07,271 - INFO - performing request https://api-fxpractice.oanda.com/v3/instruments/EUR_USD/candles
2026-06-12 12:16:07,614 - INFO - performing request https://api-fxpractice.oanda.com/v3/instruments/EUR_USD/candles
2026-06-12 12:16:07,960 - INFO - Current Probability: 0.4948
2026-06-12 12:21:07,964 - INFO - performing request https://api-fxpractice.oanda.com/v3/instruments/EUR_USD/candles
2026-06-12 12:21:08,635 - INFO - performing request https://api-fxpractice.oanda.com/v3/instruments/EUR_USD/candles
2026-06-12 12:21:09,483 - INFO - performing request https://api-fxpractice.oanda.com/v3/instruments/EUR_USD/candles
2026-06-12 12:21:10,064 - INFO - Current Probability: 0.4844
2026-06-15 07:46:01,808 - INFO - Initializing OandaQuantBot (v6)...
2026-06-15 07:46:01,809 - INFO - setting up API-client for environment practice
2026-06-15 07:46:01,809 - INFO - Loaded config: Threshold=0.3 pips, Holding=12 candles
2026-06-15 07:46:02,128 - INFO - Model loaded. Expected features: 25
2026-06-15 07:46:02,130 - INFO - Bot started. Scanning for high-conviction setups...
2026-06-15 07:46:02,976 - ERROR - Finnhub fetch failed: HTTPError
2026-06-15 07:46:02,980 - WARNING - Finnhub failed. Falling back to Forex Factory...
2026-06-15 07:46:03,648 - INFO - performing request https://api-fxpractice.oanda.com/v3/instruments/EUR_USD/candles
2026-06-15 07:46:05,214 - INFO - performing request https://api-fxpractice.oanda.com/v3/instruments/EUR_USD/candles
2026-06-15 07:46:05,503 - INFO - performing request https://api-fxpractice.oanda.com/v3/instruments/EUR_USD/candles
2026-06-15 07:46:05,835 - INFO - Model Prediction: -1.33 pips expected move
2026-06-15 07:46:05,836 - WARNING - HIGH CONVICTION SELL SETUP: -1.33 pips expected
2026-06-15 07:46:05,836 - INFO - performing request https://api-fxpractice.oanda.com/v3/accounts/101-002-39105999-002/orders
2026-06-15 07:46:06,854 - INFO - EXECUTED SELL at 1.16065. Trade ID: 5. Scheduled Exit: 07:46:06 UTC
2026-06-15 07:51:06,858 - INFO - performing request https://api-fxpractice.oanda.com/v3/instruments/EUR_USD/candles
2026-06-15 07:51:07,528 - INFO - performing request https://api-fxpractice.oanda.com/v3/instruments/EUR_USD/candles
2026-06-15 07:51:07,805 - INFO - performing request https://api-fxpractice.oanda.com/v3/instruments/EUR_USD/candles
2026-06-15 07:51:08,280 - INFO - Model Prediction: -1.33 pips expected move
2026-06-15 07:51:08,281 - WARNING - HIGH CONVICTION SELL SETUP: -1.33 pips expected
2026-06-15 07:51:08,281 - INFO - Max open trades (1) reached. Skipping signal.
2026-06-15 07:56:08,287 - INFO - performing request https://api-fxpractice.oanda.com/v3/instruments/EUR_USD/candles
2026-06-15 07:56:08,706 - INFO - performing request https://api-fxpractice.oanda.com/v3/instruments/EUR_USD/candles
2026-06-15 07:56:08,941 - INFO - performing request https://api-fxpractice.oanda.com/v3/instruments/EUR_USD/candles
2026-06-15 07:56:09,221 - INFO - Model Prediction: -1.33 pips expected move
2026-06-15 07:56:09,222 - WARNING - HIGH CONVICTION SELL SETUP: -1.33 pips expected
2026-06-15 07:56:09,222 - INFO - Max open trades (1) reached. Skipping signal.
2026-06-15 08:00:08,490 - INFO - Initializing OandaQuantBot (v6)...
2026-06-15 08:00:08,490 - INFO - setting up API-client for environment practice
2026-06-15 08:00:08,491 - INFO - Loaded config: Threshold=0.4 pips, Holding=12 candles
2026-06-15 08:00:08,635 - INFO - Model loaded. Expected features: 25
2026-06-15 08:00:08,637 - INFO - Bot started. Scanning for high-conviction setups...
2026-06-15 08:00:09,442 - ERROR - Finnhub fetch failed: HTTPError
2026-06-15 08:00:09,445 - WARNING - Finnhub failed. Falling back to Forex Factory...
2026-06-15 08:01:00,120 - INFO - performing request https://api-fxpractice.oanda.com/v3/instruments/EUR_USD/candles
2026-06-15 08:01:01,078 - INFO - performing request https://api-fxpractice.oanda.com/v3/instruments/EUR_USD/candles
2026-06-15 08:01:01,429 - INFO - performing request https://api-fxpractice.oanda.com/v3/instruments/EUR_USD/candles
2026-06-15 08:01:01,758 - ERROR - Error in main loop: 'ATR_5m_14'
2026-06-15 08:02:08,624 - INFO - Initializing OandaQuantBot (v6)...
2026-06-15 08:02:08,624 - INFO - setting up API-client for environment practice
2026-06-15 08:02:08,625 - INFO - Loaded config: Threshold=0.4 pips, Holding=12 candles
2026-06-15 08:02:08,756 - INFO - Model loaded. Expected features: 25
2026-06-15 08:02:08,759 - INFO - Bot started. Scanning for high-conviction setups...
2026-06-15 08:02:09,510 - ERROR - Finnhub fetch failed: HTTPError
2026-06-15 08:02:09,513 - WARNING - Finnhub failed. Falling back to Forex Factory...
2026-06-15 08:06:00,089 - INFO - performing request https://api-fxpractice.oanda.com/v3/instruments/EUR_USD/candles
2026-06-15 08:06:01,948 - INFO - performing request https://api-fxpractice.oanda.com/v3/instruments/EUR_USD/candles
2026-06-15 08:06:02,234 - INFO - performing request https://api-fxpractice.oanda.com/v3/instruments/EUR_USD/candles
2026-06-15 08:06:02,573 - INFO - Model Prediction: -1.33 pips expected move
2026-06-15 08:06:02,574 - WARNING - HIGH CONVICTION SELL SETUP: -1.33 pips expected
2026-06-15 08:06:02,575 - INFO - performing request https://api-fxpractice.oanda.com/v3/accounts/101-002-39105999-002/orders
2026-06-15 08:06:02,800 - ERROR - Order Execution Failed: 'orderFillTransaction'
2026-06-15 08:11:02,805 - INFO - performing request https://api-fxpractice.oanda.com/v3/instruments/EUR_USD/candles
2026-06-15 08:11:03,488 - INFO - performing request https://api-fxpractice.oanda.com/v3/instruments/EUR_USD/candles
2026-06-15 08:11:03,780 - INFO - performing request https://api-fxpractice.oanda.com/v3/instruments/EUR_USD/candles
2026-06-15 08:11:04,117 - INFO - Model Prediction: -1.33 pips expected move
2026-06-15 08:11:04,118 - WARNING - HIGH CONVICTION SELL SETUP: -1.33 pips expected
2026-06-15 08:11:04,118 - INFO - performing request https://api-fxpractice.oanda.com/v3/accounts/101-002-39105999-002/orders
2026-06-15 08:11:04,331 - ERROR - Order Execution Failed: 'orderFillTransaction'
2026-06-15 08:16:04,337 - INFO - performing request https://api-fxpractice.oanda.com/v3/instruments/EUR_USD/candles
2026-06-15 08:16:04,969 - INFO - performing request https://api-fxpractice.oanda.com/v3/instruments/EUR_USD/candles
2026-06-15 08:16:05,470 - INFO - performing request https://api-fxpractice.oanda.com/v3/instruments/EUR_USD/candles
2026-06-15 08:16:05,797 - INFO - Model Prediction: -1.33 pips expected move
2026-06-15 08:16:05,797 - WARNING - HIGH CONVICTION SELL SETUP: -1.33 pips expected
2026-06-15 08:16:05,798 - INFO - performing request https://api-fxpractice.oanda.com/v3/accounts/101-002-39105999-002/orders
2026-06-15 08:16:06,069 - ERROR - Order Execution Failed: 'orderFillTransaction'
2026-06-15 08:17:36,888 - INFO - Initializing OandaQuantBot (v6)...
2026-06-15 08:17:36,889 - INFO - setting up API-client for environment practice
2026-06-15 08:17:36,889 - INFO - Loaded config: Threshold=0.4 pips, Holding=12 candles
2026-06-15 08:17:37,009 - INFO - Model loaded. Expected features: 25
2026-06-15 08:17:37,011 - INFO - Bot started. Scanning for high-conviction setups...
2026-06-15 08:17:37,871 - ERROR - Finnhub fetch failed: HTTPError
2026-06-15 08:17:37,874 - WARNING - Finnhub failed. Falling back to Forex Factory...
2026-06-15 08:21:08,526 - INFO - performing request https://api-fxpractice.oanda.com/v3/instruments/EUR_USD/candles
2026-06-15 08:21:09,919 - INFO - performing request https://api-fxpractice.oanda.com/v3/instruments/EUR_USD/candles
2026-06-15 08:21:10,390 - INFO - performing request https://api-fxpractice.oanda.com/v3/instruments/EUR_USD/candles
2026-06-15 08:21:10,831 - INFO - Model Prediction: -1.33 pips expected move
2026-06-15 08:21:10,832 - WARNING - HIGH CONVICTION SELL SETUP: -1.33 pips expected
2026-06-15 08:21:10,832 - INFO - performing request https://api-fxpractice.oanda.com/v3/accounts/101-002-39105999-002/orders
2026-06-15 08:21:11,143 - INFO - EXECUTED SELL at 1.16055. Trade ID: 15. TP Distance: 0.00013, SL Distance: 0.00024
2026-06-15 08:26:01,149 - INFO - performing request https://api-fxpractice.oanda.com/v3/instruments/EUR_USD/candles
2026-06-15 08:26:02,331 - INFO - performing request https://api-fxpractice.oanda.com/v3/instruments/EUR_USD/candles
2026-06-15 08:26:02,723 - INFO - performing request https://api-fxpractice.oanda.com/v3/instruments/EUR_USD/candles
2026-06-15 08:26:03,543 - INFO - Model Prediction: -1.33 pips expected move
2026-06-15 08:26:03,543 - WARNING - HIGH CONVICTION SELL SETUP: -1.33 pips expected
2026-06-15 08:26:03,544 - INFO - performing request https://api-fxpractice.oanda.com/v3/accounts/101-002-39105999-002/orders
2026-06-15 08:26:03,779 - INFO - EXECUTED SELL at 1.16069. Trade ID: 21. TP Distance: 0.00013, SL Distance: 0.00024
2026-06-15 08:31:03,790 - INFO - performing request https://api-fxpractice.oanda.com/v3/instruments/EUR_USD/candles
2026-06-15 08:31:04,557 - INFO - performing request https://api-fxpractice.oanda.com/v3/instruments/EUR_USD/candles
2026-06-15 08:31:04,863 - INFO - performing request https://api-fxpractice.oanda.com/v3/instruments/EUR_USD/candles
2026-06-15 08:31:05,197 - INFO - Model Prediction: -1.33 pips expected move
2026-06-15 08:31:05,198 - WARNING - HIGH CONVICTION SELL SETUP: -1.33 pips expected
2026-06-15 08:31:05,198 - INFO - Max open trades (2) reached. Skipping signal.
2026-06-15 08:36:05,203 - INFO - performing request https://api-fxpractice.oanda.com/v3/instruments/EUR_USD/candles
2026-06-15 08:36:05,857 - INFO - performing request https://api-fxpractice.oanda.com/v3/instruments/EUR_USD/candles
2026-06-15 08:36:06,149 - INFO - performing request https://api-fxpractice.oanda.com/v3/instruments/EUR_USD/candles
2026-06-15 08:36:06,520 - INFO - Model Prediction: -1.33 pips expected move
2026-06-15 08:36:06,520 - WARNING - HIGH CONVICTION SELL SETUP: -1.33 pips expected
2026-06-15 08:36:06,521 - INFO - Max open trades (2) reached. Skipping signal.
2026-06-15 08:41:06,539 - INFO - performing request https://api-fxpractice.oanda.com/v3/instruments/EUR_USD/candles
2026-06-15 08:41:07,074 - INFO - performing request https://api-fxpractice.oanda.com/v3/instruments/EUR_USD/candles
2026-06-15 08:41:07,358 - INFO - performing request https://api-fxpractice.oanda.com/v3/instruments/EUR_USD/candles
2026-06-15 08:41:08,333 - INFO - Model Prediction: -1.33 pips expected move
2026-06-15 08:41:08,334 - WARNING - HIGH CONVICTION SELL SETUP: -1.33 pips expected
2026-06-15 08:41:08,334 - INFO - Max open trades (2) reached. Skipping signal.
2026-06-15 08:46:08,341 - INFO - performing request https://api-fxpractice.oanda.com/v3/instruments/EUR_USD/candles
2026-06-15 08:46:09,703 - INFO - performing request https://api-fxpractice.oanda.com/v3/instruments/EUR_USD/candles
2026-06-15 08:46:10,047 - INFO - performing request https://api-fxpractice.oanda.com/v3/instruments/EUR_USD/candles
2026-06-15 08:46:10,563 - INFO - Model Prediction: -1.33 pips expected move
2026-06-15 08:46:10,564 - WARNING - HIGH CONVICTION SELL SETUP: -1.33 pips expected
2026-06-15 08:46:10,564 - INFO - Max open trades (2) reached. Skipping signal.
2026-06-15 08:51:00,568 - INFO - performing request https://api-fxpractice.oanda.com/v3/instruments/EUR_USD/candles
2026-06-15 08:51:01,419 - INFO - performing request https://api-fxpractice.oanda.com/v3/instruments/EUR_USD/candles
2026-06-15 08:51:01,769 - INFO - performing request https://api-fxpractice.oanda.com/v3/instruments/EUR_USD/candles
2026-06-15 08:51:02,283 - INFO - Model Prediction: -1.33 pips expected move
2026-06-15 08:51:02,284 - WARNING - HIGH CONVICTION SELL SETUP: -1.33 pips expected
2026-06-15 08:51:02,287 - INFO - Max open trades (2) reached. Skipping signal.
2026-06-15 08:56:02,293 - INFO - performing request https://api-fxpractice.oanda.com/v3/instruments/EUR_USD/candles
2026-06-15 08:56:03,203 - INFO - performing request https://api-fxpractice.oanda.com/v3/instruments/EUR_USD/candles
2026-06-15 08:56:04,203 - INFO - performing request https://api-fxpractice.oanda.com/v3/instruments/EUR_USD/candles
2026-06-15 08:56:04,654 - INFO - Model Prediction: -1.33 pips expected move
2026-06-15 08:56:04,655 - WARNING - HIGH CONVICTION SELL SETUP: -1.33 pips expected
2026-06-15 08:56:04,655 - INFO - Max open trades (2) reached. Skipping signal.
2026-06-15 09:01:04,665 - INFO - performing request https://api-fxpractice.oanda.com/v3/instruments/EUR_USD/candles
2026-06-15 09:01:05,548 - INFO - performing request https://api-fxpractice.oanda.com/v3/instruments/EUR_USD/candles
2026-06-15 09:01:05,839 - INFO - performing request https://api-fxpractice.oanda.com/v3/instruments/EUR_USD/candles
2026-06-15 09:01:06,815 - INFO - Model Prediction: -1.33 pips expected move
2026-06-15 09:01:06,816 - WARNING - HIGH CONVICTION SELL SETUP: -1.33 pips expected
2026-06-15 09:01:06,817 - INFO - Max open trades (2) reached. Skipping signal.
2026-06-15 09:06:06,826 - INFO - performing request https://api-fxpractice.oanda.com/v3/instruments/EUR_USD/candles
2026-06-15 09:06:08,279 - INFO - performing request https://api-fxpractice.oanda.com/v3/instruments/EUR_USD/candles
2026-06-15 09:06:08,627 - INFO - performing request https://api-fxpractice.oanda.com/v3/instruments/EUR_USD/candles
2026-06-15 09:06:09,014 - INFO - Model Prediction: -1.33 pips expected move
2026-06-15 09:06:09,015 - WARNING - HIGH CONVICTION SELL SETUP: -1.33 pips expected
2026-06-15 09:06:09,016 - INFO - Max open trades (2) reached. Skipping signal.
2026-06-15 09:11:09,021 - INFO - performing request https://api-fxpractice.oanda.com/v3/instruments/EUR_USD/candles
2026-06-15 09:11:10,455 - INFO - performing request https://api-fxpractice.oanda.com/v3/instruments/EUR_USD/candles
2026-06-15 09:11:10,855 - INFO - performing request https://api-fxpractice.oanda.com/v3/instruments/EUR_USD/candles
2026-06-15 09:11:11,282 - INFO - Model Prediction: -1.33 pips expected move
2026-06-15 09:11:11,283 - WARNING - HIGH CONVICTION SELL SETUP: -1.33 pips expected
2026-06-15 09:11:11,284 - INFO - Max open trades (2) reached. Skipping signal.
2026-06-15 09:16:01,290 - INFO - performing request https://api-fxpractice.oanda.com/v3/instruments/EUR_USD/candles
2026-06-15 09:16:01,968 - INFO - performing request https://api-fxpractice.oanda.com/v3/instruments/EUR_USD/candles
2026-06-15 09:16:02,278 - INFO - performing request https://api-fxpractice.oanda.com/v3/instruments/EUR_USD/candles
2026-06-15 09:16:02,599 - INFO - Model Prediction: -1.33 pips expected move
2026-06-15 09:16:02,599 - WARNING - HIGH CONVICTION SELL SETUP: -1.33 pips expected
2026-06-15 09:16:02,600 - INFO - Max open trades (2) reached. Skipping signal.
2026-06-15 09:21:02,661 - INFO - performing request https://api-fxpractice.oanda.com/v3/instruments/EUR_USD/candles
2026-06-15 09:21:03,688 - INFO - performing request https://api-fxpractice.oanda.com/v3/instruments/EUR_USD/candles
2026-06-15 09:21:04,034 - INFO - performing request https://api-fxpractice.oanda.com/v3/instruments/EUR_USD/candles
2026-06-15 09:21:04,571 - INFO - Model Prediction: -1.33 pips expected move
2026-06-15 09:21:04,572 - WARNING - HIGH CONVICTION SELL SETUP: -1.33 pips expected
2026-06-15 09:21:04,573 - INFO - Max open trades (2) reached. Skipping signal.
2026-06-15 09:26:04,580 - INFO - performing request https://api-fxpractice.oanda.com/v3/instruments/EUR_USD/candles
2026-06-15 09:26:05,988 - INFO - performing request https://api-fxpractice.oanda.com/v3/instruments/EUR_USD/candles
2026-06-15 09:26:06,336 - INFO - performing request https://api-fxpractice.oanda.com/v3/instruments/EUR_USD/candles
2026-06-15 09:26:06,753 - INFO - Model Prediction: -1.33 pips expected move
2026-06-15 09:26:06,754 - WARNING - HIGH CONVICTION SELL SETUP: -1.33 pips expected
2026-06-15 09:26:06,755 - INFO - Max open trades (2) reached. Skipping signal.
2026-06-15 09:31:06,760 - INFO - performing request https://api-fxpractice.oanda.com/v3/instruments/EUR_USD/candles
2026-06-15 09:31:07,461 - INFO - performing request https://api-fxpractice.oanda.com/v3/instruments/EUR_USD/candles
2026-06-15 09:31:07,786 - INFO - performing request https://api-fxpractice.oanda.com/v3/instruments/EUR_USD/candles
2026-06-15 09:31:08,191 - INFO - Model Prediction: -1.33 pips expected move
2026-06-15 09:31:08,192 - WARNING - HIGH CONVICTION SELL SETUP: -1.33 pips expected
2026-06-15 09:31:08,192 - INFO - Max open trades (2) reached. Skipping signal.
2026-06-15 09:36:08,196 - INFO - performing request https://api-fxpractice.oanda.com/v3/instruments/EUR_USD/candles
2026-06-15 09:36:08,810 - INFO - performing request https://api-fxpractice.oanda.com/v3/instruments/EUR_USD/candles
2026-06-15 09:36:09,097 - INFO - performing request https://api-fxpractice.oanda.com/v3/instruments/EUR_USD/candles
2026-06-15 09:36:09,468 - INFO - Model Prediction: -1.33 pips expected move
2026-06-15 09:36:09,469 - WARNING - HIGH CONVICTION SELL SETUP: -1.33 pips expected
2026-06-15 09:36:09,470 - INFO - Max open trades (2) reached. Skipping signal.
2026-06-15 09:41:09,483 - INFO - performing request https://api-fxpractice.oanda.com/v3/instruments/EUR_USD/candles
2026-06-15 09:41:10,472 - INFO - performing request https://api-fxpractice.oanda.com/v3/instruments/EUR_USD/candles
2026-06-15 09:41:10,775 - INFO - performing request https://api-fxpractice.oanda.com/v3/instruments/EUR_USD/candles
2026-06-15 09:41:11,145 - INFO - Model Prediction: -1.33 pips expected move
2026-06-15 09:41:11,146 - WARNING - HIGH CONVICTION SELL SETUP: -1.33 pips expected
2026-06-15 09:41:11,147 - INFO - Max open trades (2) reached. Skipping signal.
